<?xml version="1.0" encoding="UTF-8"?>
<testng-results skipped="0" failed="0" ignored="0" total="1" passed="1">
  <reporter-output>
  </reporter-output>
  <suite name="Default suite" duration-ms="79" started-at="2020-11-20T15:29:54Z" finished-at="2020-11-20T15:29:55Z">
    <groups>
    </groups>
    <test name="Default test" duration-ms="79" started-at="2020-11-20T15:29:54Z" finished-at="2020-11-20T15:29:55Z">
      <class name="com.demoproject.SampleCRM.SuiteA.LoginTest">
        <test-method status="PASS" signature="beforeMethod()[pri:0, instance:com.demoproject.SampleCRM.SuiteA.LoginTest@5762806e]" name="beforeMethod" is-config="true" duration-ms="10" started-at="2020-11-20T15:29:55Z" finished-at="2020-11-20T15:29:55Z">
          <reporter-output>
          </reporter-output>
        </test-method> <!-- beforeMethod -->
        <test-method status="PASS" signature="f()[pri:0, instance:com.demoproject.SampleCRM.SuiteA.LoginTest@5762806e]" name="f" duration-ms="7" started-at="2020-11-20T15:29:55Z" finished-at="2020-11-20T15:29:55Z">
          <reporter-output>
          </reporter-output>
        </test-method> <!-- f -->
        <test-method status="PASS" signature="afterMethod()[pri:0, instance:com.demoproject.SampleCRM.SuiteA.LoginTest@5762806e]" name="afterMethod" is-config="true" duration-ms="1" started-at="2020-11-20T15:29:55Z" finished-at="2020-11-20T15:29:55Z">
          <reporter-output>
          </reporter-output>
        </test-method> <!-- afterMethod -->
      </class> <!-- com.demoproject.SampleCRM.SuiteA.LoginTest -->
    </test> <!-- Default test -->
  </suite> <!-- Default suite -->
</testng-results>
